Determining if the pthread_create exist failed with the following output:
Change Dir: /home/maurice/git/WoR_lynxmotion_arm_Simulatie/build/CMakeFiles/CMakeTmp

Run Build Command:"/usr/bin/make" "cmTC_9524c/fast"
/usr/bin/make -f CMakeFiles/cmTC_9524c.dir/build.make CMakeFiles/cmTC_9524c.dir/build
make[1]: Map '/home/maurice/git/WoR_lynxmotion_arm_Simulatie/build/CMakeFiles/CMakeTmp' wordt binnengegaan
Building C object CMakeFiles/cmTC_9524c.dir/CheckSymbolExists.c.o
/usr/bin/cc     -o CMakeFiles/cmTC_9524c.dir/CheckSymbolExists.c.o   -c /home/maurice/git/WoR_lynxmotion_arm_Simulatie/build/CMakeFiles/CMakeTmp/CheckSymbolExists.c
Linking C executable cmTC_9524c
/usr/bin/cmake -E cmake_link_script CMakeFiles/cmTC_9524c.dir/link.txt --verbose=1
/usr/bin/cc       CMakeFiles/cmTC_9524c.dir/CheckSymbolExists.c.o  -o cmTC_9524c -rdynamic 
CMakeFiles/cmTC_9524c.dir/CheckSymbolExists.c.o: In function `main':
CheckSymbolExists.c:(.text+0x16): undefined reference to `pthread_create'
collect2: error: ld returned 1 exit status
CMakeFiles/cmTC_9524c.dir/build.make:97: recept voor doel 'cmTC_9524c' is mislukt
make[1]: *** [cmTC_9524c] Fout 1
make[1]: Map '/home/maurice/git/WoR_lynxmotion_arm_Simulatie/build/CMakeFiles/CMakeTmp' wordt verlaten
Makefile:126: recept voor doel 'cmTC_9524c/fast' is mislukt
make: *** [cmTC_9524c/fast] Fout 2

File /home/maurice/git/WoR_lynxmotion_arm_Simulatie/build/CMakeFiles/CMakeTmp/CheckSymbolExists.c:
/* */
#include <pthread.h>

int main(int argc, char** argv)
{
  (void)argv;
#ifndef pthread_create
  return ((int*)(&pthread_create))[argc];
#else
  (void)argc;
  return 0;
#endif
}

Determining if the function pthread_create exists in the pthreads failed with the following output:
Change Dir: /home/maurice/git/WoR_lynxmotion_arm_Simulatie/build/CMakeFiles/CMakeTmp

Run Build Command:"/usr/bin/make" "cmTC_fbb30/fast"
/usr/bin/make -f CMakeFiles/cmTC_fbb30.dir/build.make CMakeFiles/cmTC_fbb30.dir/build
make[1]: Map '/home/maurice/git/WoR_lynxmotion_arm_Simulatie/build/CMakeFiles/CMakeTmp' wordt binnengegaan
Building C object CMakeFiles/cmTC_fbb30.dir/CheckFunctionExists.c.o
/usr/bin/cc    -DCHECK_FUNCTION_EXISTS=pthread_create   -o CMakeFiles/cmTC_fbb30.dir/CheckFunctionExists.c.o   -c /usr/share/cmake-3.5/Modules/CheckFunctionExists.c
Linking C executable cmTC_fbb30
/usr/bin/cmake -E cmake_link_script CMakeFiles/cmTC_fbb30.dir/link.txt --verbose=1
/usr/bin/cc   -DCHECK_FUNCTION_EXISTS=pthread_create    CMakeFiles/cmTC_fbb30.dir/CheckFunctionExists.c.o  -o cmTC_fbb30 -rdynamic -lpthreads 
/usr/bin/ld: cannot find -lpthreads
collect2: error: ld returned 1 exit status
CMakeFiles/cmTC_fbb30.dir/build.make:97: recept voor doel 'cmTC_fbb30' is mislukt
make[1]: *** [cmTC_fbb30] Fout 1
make[1]: Map '/home/maurice/git/WoR_lynxmotion_arm_Simulatie/build/CMakeFiles/CMakeTmp' wordt verlaten
Makefile:126: recept voor doel 'cmTC_fbb30/fast' is mislukt
make: *** [cmTC_fbb30/fast] Fout 2


